Cache size                    : 4194304
Block size                    : 64
Associativity                 : 1
Read only ports               : 0
Write only ports              : 0
Read write ports              : 1
Single ended read ports       : 0
Cache banks (UCA)             : 8
Technology                    : 0.09
Temperature                   : 360
Tag size                      : 42
array type                    : Scratch RAM
Model as memory               : 0
Model as 3D memory       	 : 0
Access mode                   : 0
Data array cell type          : 0
Data array peripheral type    : 0
Tag array cell type           : 0
Tag array peripheral type     : 0
Optimization target           : 2
Design objective (UCA wt)     : 0 0 0 100 0
Design objective (UCA dev)    : 20 100000 100000 100000 100000
Cache model                   : 0
Nuca bank                     : 0
Wire inside mat               : 1
Wire outside mat              : 1
Interconnect projection       : 1
Wire signaling               : 1
Print level                   : 1
ECC overhead                  : 1
Page size                     : 8192
Burst length                  : 8
Internal prefetch width       : 8
Force cache config            : 0
Subarray Driver direction       : 1
iostate                       : WRITE
dram_ecc                      : NO_ECC
io_type                     : DDR3
dram_dimm                      : UDIMM
IO Area (sq.mm) = inf
IO Timing Margin (ps) = -14.1667
IO Votlage Margin (V) = 0.155
IO Dynamic Power (mW) = 1506.36 PHY Power (mW) = 232.752 PHY Wakeup Time (us) = 27.503
IO Termination and Bias Power (mW) = 2505.96

---------- CACTI (version 7.0.3DD Prerelease of Aug, 2012), Uniform Cache Access SRAM Model ----------

Cache Parameters:
    Total cache size (bytes): 4194304
    Number of banks: 8
    Associativity: direct mapped
    Block size (bytes): 64
    Read/write Ports: 1
    Read ports: 0
    Write ports: 0
    Technology size (nm): 90

    Access time (ns): 5.84486
    Cycle time (ns):  4.46789
    Total dynamic read energy per access (nJ): 2.89913
    Total dynamic write energy per access (nJ): 3.29845
    Total leakage power of a bank (mW): 220.58
    Total gate leakage power of a bank (mW): 17.2373
    Cache height x width (mm): 6.48163 x 9.27115

    Best Ndwl : 2
    Best Ndbl : 2
    Best Nspd : 4
    Best Ndcm : 8
    Best Ndsam L1 : 1
    Best Ndsam L2 : 1

    Data array, H-tree wire type: Global wires with 30% delay penalty

Time Components:

  Data side (with Output driver) (ns): 5.84486
	H-tree input delay (ns): 1.53483
	Decoder + wordline delay (ns): 1.33493
	Bitline delay (ns): 1.15973
	Sense Amplifier delay (ns): 0.0107354
	H-tree output delay (ns): 0.269806


Power Components:

  Data array: Total dynamic read energy/access  (nJ): 2.89913
	Total energy in H-tree (that includes both address and data transfer) (nJ): 2.1205
	Output Htree inside bank Energy (nJ): 0
	Decoder (nJ): 0.00290811
	Wordline (nJ): 0.0038121
	Bitline mux & associated drivers (nJ): 0.00243209
	Sense amp mux & associated drivers (nJ): 0
	Bitlines precharge and equalization circuit (nJ): 0.03183
	Bitlines (nJ): 0.461839
	Sense amplifier energy (nJ): 0.00363039
	Sub-array output driver (nJ): 0.272175
	Total leakage power of a bank (mW): 220.58
	Total leakage power in H-tree (that includes both address and data network) ((mW)): 11.3292
	Total leakage power in cells (mW): 0
	Total leakage power in row logic(mW): 0
	Total leakage power in column logic(mW): 0
	Total gate leakage power in H-tree (that includes both address and data network) ((mW)): 1.90359


Area Components:

  Data array: Area (mm2): 60.0922
	Height (mm): 6.48163
	Width (mm): 9.27115
	Area efficiency (Memory cell area/Total area) - 74.2886 %
		MAT Height (mm): 2.92573
		MAT Length (mm): 2.21276
		Subarray Height (mm): 1.34554
		Subarray Length (mm): 1.0854

Wire Properties:

  Delay Optimal
	Repeater size - 61.5792 
	Repeater spacing - 0.321831 (mm) 
	Delay - 0.137938 (ns/mm) 
	PowerD - 0.000766371 (nJ/mm) 
	PowerL - 0.00525075 (mW/mm) 
	PowerLgate - 0.000882254 (mW/mm)
	Wire width - 0.09 microns
	Wire spacing - 0.09 microns

  5% Overhead
	Repeater size - 34.5792 
	Repeater spacing - 0.421831 (mm) 
	Delay - 0.144333 (ns/mm) 
	PowerD - 0.000519963 (nJ/mm) 
	PowerL - 0.00224953 (mW/mm) 
	PowerLgate - 0.000377976 (mW/mm)
	Wire width - 0.09 microns
	Wire spacing - 0.09 microns

  10% Overhead
	Repeater size - 32.5792 
	Repeater spacing - 0.521831 (mm) 
	Delay - 0.151515 (ns/mm) 
	PowerD - 0.000485471 (nJ/mm) 
	PowerL - 0.00171327 (mW/mm) 
	PowerLgate - 0.000287871 (mW/mm)
	Wire width - 0.09 microns
	Wire spacing - 0.09 microns

  20% Overhead
	Repeater size - 27.5792 
	Repeater spacing - 0.621831 (mm) 
	Delay - 0.164984 (ns/mm) 
	PowerD - 0.000447956 (nJ/mm) 
	PowerL - 0.00121709 (mW/mm) 
	PowerLgate - 0.000204502 (mW/mm)
	Wire width - 0.09 microns
	Wire spacing - 0.09 microns

  30% Overhead
	Repeater size - 21.5792 
	Repeater spacing - 0.621831 (mm) 
	Delay - 0.179014 (ns/mm) 
	PowerD - 0.000419905 (nJ/mm) 
	PowerL - 0.000952309 (mW/mm) 
	PowerLgate - 0.000160011 (mW/mm)
	Wire width - 0.09 microns
	Wire spacing - 0.09 microns

  Low-swing wire (1 mm) - Note: Unlike repeated wires, 
	delay and power values of low-swing wires do not
	have a linear relationship with length. 
	delay - 0.611231 (ns) 
	powerD - 2.52036e-05 (nJ) 
	PowerL - 2.71875e-07 (mW) 
	PowerLgate - 8.41995e-08 (mW)
	Wire width - 1.8e-07 microns
	Wire spacing - 1.8e-07 microns


top 3 best memory configurations are:
Memory    cap: 80 GB num_bobs: 1 bw: 533 (MHz) cost: $731.2 energy: 32.6101 (nJ) 
 {
 (0)  BoB       cap: 80 GB num_channels: 1 bw: 533 (MHz) cost: $731.2 energy: 32.6101 (nJ) 
    ==============
    (0) cap: 80 GB bw: 533 (MHz) cost: $731.2 dpc: 3 energy: 32.6101 (nJ)  DIMM:  RDIMM  low power: F [ 0(4GB) 0(8GB) 1(16GB) 2(32GB) 0(64GB) ]
    ==============

 }

=============================================

